<?xml version="1.0" encoding="UTF-8"?>
<testsuite xmlns:xsi="http://www.w3.org/2001/XMLSchema-instance" xsi:noNamespaceSchemaLocation="https://maven.apache.org/surefire/maven-surefire-plugin/xsd/surefire-test-report-3.0.xsd" version="3.0" name="TestSuite" time="0.657" tests="27" errors="0" skipped="26" failures="1">
  <properties>
[...]
</properties>
  <testcase name="setUp" classname="MultiplebBrowser.TestNGMultiBrowserDemo" time="0.338">
    <failure message="&#10;Parameter &apos;browserName&apos; is required by BeforeTest on method setUp but has not been marked @Optional or defined&#10;" type="org.testng.TestNGException"><![CDATA[org.testng.TestNGException: 

Parameter 'browserName' is required by BeforeTest on method setUp but has not been marked @Optional or defined

	at org.testng.internal.Parameters.createParams(Parameters.java:264)
	at org.testng.internal.Parameters.createParametersForMethod(Parameters.java:352)
	at org.testng.internal.Parameters.createParameters(Parameters.java:690)
	at org.testng.internal.Parameters.createConfigurationParameters(Parameters.java:163)
	at org.testng.internal.invokers.ConfigInvoker.invokeConfigurations(ConfigInvoker.java:313)
	at org.testng.TestRunner.invokeTestConfigurations(TestRunner.java:655)
	at org.testng.TestRunner.beforeRun(TestRunner.java:644)
	at org.testng.TestRunner.run(TestRunner.java:610)
	at org.testng.SuiteRunner.runTest(SuiteRunner.java:421)
	at org.testng.SuiteRunner.runSequentially(SuiteRunner.java:413)
	at org.testng.SuiteRunner.privateRun(SuiteRunner.java:373)
	at org.testng.SuiteRunner.run(SuiteRunner.java:312)
	at org.testng.SuiteRunnerWorker.runSuite(SuiteRunnerWorker.java:52)
	at org.testng.SuiteRunnerWorker.run(SuiteRunnerWorker.java:95)
	at org.testng.TestNG.runSuitesSequentially(TestNG.java:1274)
	at org.testng.TestNG.runSuitesLocally(TestNG.java:1208)
	at org.testng.TestNG.runSuites(TestNG.java:1112)
	at org.testng.TestNG.run(TestNG.java:1079)
	at org.apache.maven.surefire.testng.TestNGExecutor.run(TestNGExecutor.java:155)
	at org.apache.maven.surefire.testng.TestNGDirectoryTestSuite.executeMulti(TestNGDirectoryTestSuite.java:169)
	at org.apache.maven.surefire.testng.TestNGDirectoryTestSuite.execute(TestNGDirectoryTestSuite.java:88)
	at org.apache.maven.surefire.testng.TestNGProvider.invoke(TestNGProvider.java:137)
	at org.apache.maven.surefire.booter.ForkedBooter.runSuitesInProcess(ForkedBooter.java:385)
	at org.apache.maven.surefire.booter.ForkedBooter.execute(ForkedBooter.java:162)
	at org.apache.maven.surefire.booter.ForkedBooter.run(ForkedBooter.java:507)
	at org.apache.maven.surefire.booter.ForkedBooter.main(ForkedBooter.java:495)
]]></failure>
    <system-err><![CDATA[SLF4J: Failed to load class "org.slf4j.impl.StaticLoggerBinder".
SLF4J: Defaulting to no-operation (NOP) logger implementation
SLF4J: See http://www.slf4j.org/codes.html#StaticLoggerBinder for further details.
]]></system-err>
  </testcase>
  <testcase name="test1" classname="MultiplebBrowser.TestNGMultiBrowserDemo" time="0.0">
    <skipped message="&#10;Parameter &apos;browserName&apos; is required by BeforeTest on method setUp but has not been marked @Optional or defined&#10;"/>
  </testcase>
  <testcase name="tearDown" classname="MultiplebBrowser.TestNGMultiBrowserDemo" time="0.0">
    <skipped/>
  </testcase>
  <testcase name="setUp" classname="TestNG" time="0.0">
    <skipped/>
  </testcase>
  <testcase name="TestLogin[standard_user, secret_sauce](1)" classname="TestNG" time="0.0">
    <skipped message="&#10;Parameter &apos;browserName&apos; is required by BeforeTest on method setUp but has not been marked @Optional or defined&#10;"/>
  </testcase>
  <testcase name="TestLogin[secret_sauce, secret](2)" classname="TestNG" time="0.0">
    <skipped message="&#10;Parameter &apos;browserName&apos; is required by BeforeTest on method setUp but has not been marked @Optional or defined&#10;"/>
  </testcase>
  <testcase name="TestLogin[standard, standard_user](3)" classname="TestNG" time="0.0">
    <skipped message="&#10;Parameter &apos;browserName&apos; is required by BeforeTest on method setUp but has not been marked @Optional or defined&#10;"/>
  </testcase>
  <testcase name="TestLogin[, standard_user](4)" classname="TestNG" time="0.0">
    <skipped message="&#10;Parameter &apos;browserName&apos; is required by BeforeTest on method setUp but has not been marked @Optional or defined&#10;"/>
  </testcase>
  <testcase name="TestLogin[standard_user, ](5)" classname="TestNG" time="0.0">
    <skipped message="&#10;Parameter &apos;browserName&apos; is required by BeforeTest on method setUp but has not been marked @Optional or defined&#10;"/>
  </testcase>
  <testcase name="test1" classname="TestNG" time="0.0">
    <skipped message="&#10;Parameter &apos;browserName&apos; is required by BeforeTest on method setUp but has not been marked @Optional or defined&#10;"/>
  </testcase>
  <testcase name="setUp" classname="ThirdTest" time="0.0">
    <skipped/>
  </testcase>
  <testcase name="test" classname="ThirdTest" time="0.0">
    <skipped message="&#10;Parameter &apos;browserName&apos; is required by BeforeTest on method setUp but has not been marked @Optional or defined&#10;"/>
  </testcase>
  <testcase name="close" classname="ThirdTest" time="0.0">
    <skipped/>
  </testcase>
  <testcase name="setUp" classname="testNG.FirstTest" time="0.0">
    <skipped/>
  </testcase>
  <testcase name="teststeps" classname="testNG.FirstTest" time="0.0">
    <skipped message="&#10;Parameter &apos;browserName&apos; is required by BeforeTest on method setUp but has not been marked @Optional or defined&#10;"/>
  </testcase>
  <testcase name="setUp" classname="SecondTest" time="0.0">
    <skipped message="&#10;Parameter &apos;browserName&apos; is required by BeforeTest on method setUp but has not been marked @Optional or defined&#10;"/>
  </testcase>
  <testcase name="close" classname="SecondTest" time="0.0">
    <skipped message="&#10;Parameter &apos;browserName&apos; is required by BeforeTest on method setUp but has not been marked @Optional or defined&#10;"/>
  </testcase>
  <testcase name="login" classname="SecondTest" time="0.0">
    <skipped message="&#10;Parameter &apos;browserName&apos; is required by BeforeTest on method setUp but has not been marked @Optional or defined&#10;"/>
  </testcase>
  <testcase name="test1" classname="testNG.TestNGGroupsDemo" time="0.0">
    <skipped message="&#10;Parameter &apos;browserName&apos; is required by BeforeTest on method setUp but has not been marked @Optional or defined&#10;"/>
  </testcase>
  <testcase name="test2" classname="testNG.TestNGGroupsDemo" time="0.0">
    <skipped message="&#10;Parameter &apos;browserName&apos; is required by BeforeTest on method setUp but has not been marked @Optional or defined&#10;"/>
  </testcase>
  <testcase name="test3" classname="testNG.TestNGGroupsDemo" time="0.0">
    <skipped message="&#10;Parameter &apos;browserName&apos; is required by BeforeTest on method setUp but has not been marked @Optional or defined&#10;"/>
  </testcase>
  <testcase name="test4" classname="testNG.TestNGGroupsDemo" time="0.0">
    <skipped message="&#10;Parameter &apos;browserName&apos; is required by BeforeTest on method setUp but has not been marked @Optional or defined&#10;"/>
  </testcase>
  <testcase name="test3" classname="Testpriorit" time="0.0">
    <skipped message="&#10;Parameter &apos;browserName&apos; is required by BeforeTest on method setUp but has not been marked @Optional or defined&#10;"/>
  </testcase>
  <testcase name="test4" classname="Testpriorit" time="0.0">
    <skipped message="&#10;Parameter &apos;browserName&apos; is required by BeforeTest on method setUp but has not been marked @Optional or defined&#10;"/>
  </testcase>
  <testcase name="test1" classname="Testpriorit" time="0.0">
    <skipped message="&#10;Parameter &apos;browserName&apos; is required by BeforeTest on method setUp but has not been marked @Optional or defined&#10;"/>
  </testcase>
  <testcase name="test2" classname="Testpriorit" time="0.0">
    <skipped message="&#10;Parameter &apos;browserName&apos; is required by BeforeTest on method setUp but has not been marked @Optional or defined&#10;"/>
  </testcase>
  <testcase name="test5" classname="Testpriorit" time="0.0">
    <skipped message="Method Testpriorit.test5() on instance Testpriorit@72a7c7e0 depends on not successfully finished methods &#10;[Testpriorit.test2() on instance Testpriorit@72a7c7e0]"/>
  </testcase>
</testsuite>